<?xml version="1.0" encoding="UTF-8"?>
<!-- Generated by org.testng.reporters.JUnitReportReporter -->
<testsuite hostname="DESKTOP-DELVMAL" failures="0" tests="3" name="demo.Cart" time="0.009" errors="0" timestamp="2023-06-26T23:20:19 IST" skipped="0">
  <testcase classname="demo.Cart" name="addToCartFromPLP" time="0.002"/>
  <system-out/>
  <testcase classname="demo.Cart" name="addToCartFromPDP" time="0.004"/>
  <system-out/>
  <testcase classname="demo.Cart" name="addToCartFromsearch" time="0.003"/>
  <system-out/>
</testsuite> <!-- demo.Cart -->
