<?xml version="1.0" encoding="UTF-8"?>
<!-- Generated by org.testng.reporters.JUnitReportReporter -->
<testsuite hostname="DESKTOP-DELVMAL" failures="0" tests="2" name="demo.Test4" time="0.002" errors="0" timestamp="2023-06-26T23:20:19 IST" skipped="0">
  <testcase classname="demo.Test4" name="fixedDeposit" time="0.001"/>
  <system-out/>
  <testcase classname="demo.Test4" name="depositMoney" time="0.001"/>
  <system-out/>
</testsuite> <!-- demo.Test4 -->
