<?xml version="1.0" encoding="UTF-8"?>
<!-- Generated by org.testng.reporters.JUnitReportReporter -->
<testsuite hostname="DESKTOP-DELVMAL" failures="0" tests="1" name="demo.TestDay1" time="0.013" errors="0" timestamp="2023-06-19T22:38:56 IST" skipped="0">
  <testcase classname="demo.TestDay1" name="loginWithValidDetails" time="0.013"/>
  <system-out/>
</testsuite> <!-- demo.TestDay1 -->
