<?xml version="1.0" encoding="UTF-8"?>
<!-- Generated by org.testng.reporters.JUnitReportReporter -->
<testsuite hostname="DESKTOP-DELVMAL" failures="0" tests="4" name="demo.Test3" time="0.009" errors="0" timestamp="2023-06-26T23:20:19 IST" skipped="0">
  <testcase classname="demo.Test3" name="mobileLogout" time="0.005"/>
  <system-out/>
  <testcase classname="demo.Test3" name="loginUser" time="0.002"/>
  <system-out/>
  <testcase classname="demo.Test3" name="mobileLogin" time="0.001"/>
  <system-out/>
  <testcase classname="demo.Test3" name="logoutUser" time="0.001"/>
  <system-out/>
</testsuite> <!-- demo.Test3 -->
