<?xml version="1.0" encoding="UTF-8"?>
<!-- Generated by org.testng.reporters.JUnitReportReporter -->
<testsuite hostname="DESKTOP-DELVMAL" failures="0" tests="3" name="demo.Test1" time="0.028" errors="0" timestamp="2023-06-26T23:20:19 IST" skipped="0">
  <testcase classname="demo.Test1" name="carloan" time="0.006"/>
  <system-out/>
  <testcase classname="demo.Test1" name="homeLoan" time="0.008"/>
  <system-out/>
  <testcase classname="demo.Test1" name="autoLoan" time="0.014"/>
  <system-out/>
</testsuite> <!-- demo.Test1 -->
