<?xml version="1.0" encoding="UTF-8"?>
<!-- Generated by org.testng.reporters.JUnitReportReporter -->
<testsuite hostname="DESKTOP-DELVMAL" failures="0" tests="1" name="demo2.orderConfirmation" time="0.001" errors="0" timestamp="2023-06-26T09:44:06 IST" skipped="0">
  <testcase classname="demo2.orderConfirmation" name="getOrderNumber" time="0.001"/>
  <system-out/>
</testsuite> <!-- demo2.orderConfirmation -->
