<?xml version="1.0" encoding="UTF-8"?>
<!-- Generated by org.testng.reporters.JUnitReportReporter -->
<testsuite hostname="DESKTOP-DELVMAL" failures="0" tests="2" name="demo.Registration" time="0.018" errors="0" timestamp="2023-06-26T23:20:19 IST" skipped="0">
  <testcase classname="demo.Registration" name="registration" time="0.016"/>
  <system-out/>
  <testcase classname="demo.Registration" name="registration1" time="0.002"/>
  <system-out/>
</testsuite> <!-- demo.Registration -->
