<?xml version="1.0" encoding="UTF-8"?>
<!-- Generated by org.testng.reporters.JUnitReportReporter -->
<testsuite hostname="DESKTOP-DELVMAL" failures="0" tests="1" name="demo.Payment" time="13.762" errors="0" timestamp="2023-06-27T09:29:51 IST" skipped="0">
  <testcase classname="demo.Payment" name="paymentWithCash" time="13.762"/>
  <system-out/>
</testsuite> <!-- demo.Payment -->
