<?xml version="1.0" encoding="UTF-8"?>
<!-- Generated by org.testng.reporters.JUnitReportReporter -->
<testsuite hostname="DESKTOP-DELVMAL" failures="0" tests="3" name="demo.Test2" time="0.028" errors="0" timestamp="2023-06-26T23:20:19 IST" skipped="0">
  <testcase classname="demo.Test2" name="mobileAutoLoan" time="0.010"/>
  <system-out/>
  <testcase classname="demo.Test2" name="mobileCarloan" time="0.003"/>
  <system-out/>
  <testcase classname="demo.Test2" name="mobileHomeLoan" time="0.015"/>
  <system-out/>
</testsuite> <!-- demo.Test2 -->
